# JRE version: Java(TM) SE Runtime Environment (17.0.2+8) (build 17.0.2+8-LTS-86)
# Java VM: Java HotSpot(TM) 64-Bit Server VM (17.0.2+8-LTS-86, mixed mode, sharing, tiered, compressed oops, compressed class ptrs, g1 gc, windows-amd64)
GC Precious Log:
 CPUs: 12 total, 12 available
 Memory: 7963M
 Large Page Support: Disabled
 NUMA Support: Disabled
 Compressed Oops: Enabled (32-bit)
 Heap Region Size: 1M
 Heap Min Capacity: 8M
 Heap Initial Capacity: 126M
 Heap Max Capacity: 1992M
 Pre-touch: Disabled
 Parallel Workers: 10
 Concurrent Workers: 3
 Concurrent Refinement Workers: 10
 Periodic GC: Disabled
Heap:
 garbage-first heap   total 129024K, used 33160K [0x0000000083800000, 0x0000000100000000)
  region size 1024K, 33 young (33792K), 1 survivors (1024K)
 Metaspace       used 2746K, committed 2944K, reserved 1056768K
  class space    used 245K, committed 320K, reserved 1048576K
GC Heap History (20 events):
Event: 60.883 GC heap before
{Heap before GC invocations=10 (full 0):
 garbage-first heap   total 129024K, used 76237K [0x0000000083800000, 0x0000000100000000)
  region size 1024K, 75 young (76800K), 2 survivors (2048K)
 Metaspace       used 2734K, committed 2880K, reserved 1056768K
  class space    used 244K, committed 320K, reserved 1048576K
}
Event: 60.883 GC heap after
{Heap after GC invocations=11 (full 0):
 garbage-first heap   total 129024K, used 1492K [0x0000000083800000, 0x0000000100000000)
  region size 1024K, 2 young (2048K), 2 survivors (2048K)
 Metaspace       used 2734K, committed 2880K, reserved 1056768K
  class space    used 244K, committed 320K, reserved 1048576K
}
Event: 62.283 GC heap before
{Heap before GC invocations=11 (full 0):
 garbage-first heap   total 129024K, used 76244K [0x0000000083800000, 0x0000000100000000)
  region size 1024K, 75 young (76800K), 2 survivors (2048K)
 Metaspace       used 2734K, committed 2880K, reserved 1056768K
  class space    used 244K, committed 320K, reserved 1048576K
}
Event: 62.283 GC heap after
{Heap after GC invocations=12 (full 0):
 garbage-first heap   total 129024K, used 1500K [0x0000000083800000, 0x0000000100000000)
  region size 1024K, 2 young (2048K), 2 survivors (2048K)
 Metaspace       used 2734K, committed 2880K, reserved 1056768K
  class space    used 244K, committed 320K, reserved 1048576K
}
Event: 63.704 GC heap before
{Heap before GC invocations=12 (full 0):
 garbage-first heap   total 129024K, used 76252K [0x0000000083800000, 0x0000000100000000)
  region size 1024K, 75 young (76800K), 2 survivors (2048K)
 Metaspace       used 2734K, committed 2880K, reserved 1056768K
  class space    used 244K, committed 320K, reserved 1048576K
}
Event: 63.705 GC heap after
{Heap after GC invocations=13 (full 0):
 garbage-first heap   total 129024K, used 1471K [0x0000000083800000, 0x0000000100000000)
  region size 1024K, 2 young (2048K), 2 survivors (2048K)
 Metaspace       used 2734K, committed 2880K, reserved 1056768K
  class space    used 244K, committed 320K, reserved 1048576K
}
Event: 65.119 GC heap before
{Heap before GC invocations=13 (full 0):
 garbage-first heap   total 129024K, used 76223K [0x0000000083800000, 0x0000000100000000)
  region size 1024K, 75 young (76800K), 2 survivors (2048K)
 Metaspace       used 2734K, committed 2880K, reserved 1056768K
  class space    used 244K, committed 320K, reserved 1048576K
}
Event: 65.120 GC heap after
{Heap after GC invocations=14 (full 0):
 garbage-first heap   total 129024K, used 1478K [0x0000000083800000, 0x0000000100000000)
  region size 1024K, 2 young (2048K), 2 survivors (2048K)
 Metaspace       used 2734K, committed 2880K, reserved 1056768K
  class space    used 244K, committed 320K, reserved 1048576K
}
Event: 66.524 GC heap before
{Heap before GC invocations=14 (full 0):
 garbage-first heap   total 129024K, used 76230K [0x0000000083800000, 0x0000000100000000)
  region size 1024K, 75 young (76800K), 2 survivors (2048K)
 Metaspace       used 2734K, committed 2880K, reserved 1056768K
  class space    used 244K, committed 320K, reserved 1048576K
}
Event: 66.525 GC heap after
{Heap after GC invocations=15 (full 0):
 garbage-first heap   total 129024K, used 1488K [0x0000000083800000, 0x0000000100000000)
  region size 1024K, 2 young (2048K), 2 survivors (2048K)
 Metaspace       used 2734K, committed 2880K, reserved 1056768K
  class space    used 244K, committed 320K, reserved 1048576K
}
Event: 67.920 GC heap before
{Heap before GC invocations=15 (full 0):
 garbage-first heap   total 129024K, used 76240K [0x0000000083800000, 0x0000000100000000)
  region size 1024K, 75 young (76800K), 2 survivors (2048K)
 Metaspace       used 2734K, committed 2880K, reserved 1056768K
  class space    used 244K, committed 320K, reserved 1048576K
}
Event: 67.921 GC heap after
{Heap after GC invocations=16 (full 0):
 garbage-first heap   total 129024K, used 1602K [0x0000000083800000, 0x0000000100000000)
  region size 1024K, 1 young (1024K), 1 survivors (1024K)
 Metaspace       used 2734K, committed 2880K, reserved 1056768K
  class space    used 244K, committed 320K, reserved 1048576K
}
Event: 69.341 GC heap before
{Heap before GC invocations=16 (full 0):
 garbage-first heap   total 129024K, used 77378K [0x0000000083800000, 0x0000000100000000)
  region size 1024K, 75 young (76800K), 1 survivors (1024K)
 Metaspace       used 2741K, committed 2880K, reserved 1056768K
  class space    used 244K, committed 320K, reserved 1048576K
}
Event: 69.341 GC heap after
{Heap after GC invocations=17 (full 0):
 garbage-first heap   total 129024K, used 1458K [0x0000000083800000, 0x0000000100000000)
  region size 1024K, 1 young (1024K), 1 survivors (1024K)
 Metaspace       used 2741K, committed 2880K, reserved 1056768K
  class space    used 244K, committed 320K, reserved 1048576K
}
Event: 70.761 GC heap before
{Heap before GC invocations=17 (full 0):
 garbage-first heap   total 129024K, used 77234K [0x0000000083800000, 0x0000000100000000)
  region size 1024K, 75 young (76800K), 1 survivors (1024K)
 Metaspace       used 2741K, committed 2880K, reserved 1056768K
  class space    used 244K, committed 320K, reserved 1048576K
}
Event: 70.761 GC heap after
{Heap after GC invocations=18 (full 0):
 garbage-first heap   total 129024K, used 1414K [0x0000000083800000, 0x0000000100000000)
  region size 1024K, 1 young (1024K), 1 survivors (1024K)
 Metaspace       used 2741K, committed 2880K, reserved 1056768K
  class space    used 244K, committed 320K, reserved 1048576K
}
Event: 72.182 GC heap before
{Heap before GC invocations=18 (full 0):
 garbage-first heap   total 129024K, used 77190K [0x0000000083800000, 0x0000000100000000)
  region size 1024K, 75 young (76800K), 1 survivors (1024K)
 Metaspace       used 2741K, committed 2880K, reserved 1056768K
  class space    used 244K, committed 320K, reserved 1048576K
}
Event: 72.182 GC heap after
{Heap after GC invocations=19 (full 0):
 garbage-first heap   total 129024K, used 1416K [0x0000000083800000, 0x0000000100000000)
  region size 1024K, 1 young (1024K), 1 survivors (1024K)
 Metaspace       used 2741K, committed 2880K, reserved 1056768K
  class space    used 244K, committed 320K, reserved 1048576K
}
Event: 73.587 GC heap before
{Heap before GC invocations=19 (full 0):
 garbage-first heap   total 129024K, used 77192K [0x0000000083800000, 0x0000000100000000)
  region size 1024K, 75 young (76800K), 1 survivors (1024K)
 Metaspace       used 2741K, committed 2880K, reserved 1056768K
  class space    used 244K, committed 320K, reserved 1048576K
}
Event: 73.587 GC heap after
{Heap after GC invocations=20 (full 0):
 garbage-first heap   total 129024K, used 1416K [0x0000000083800000, 0x0000000100000000)
  region size 1024K, 1 young (1024K), 1 survivors (1024K)
 Metaspace       used 2741K, committed 2880K, reserved 1056768K
  class space    used 244K, committed 320K, reserved 1048576K
}

